This file contains any messages produced by compilers while
running configure, to aid debugging if configure makes a mistake.

It was created by apertium-hau configure 0.1.0, which was
generated by GNU Autoconf 2.69.  Invocation command line was

  $ ./configure 

## --------- ##
## Platform. ##
## --------- ##

hostname = ethanchi
uname -m = x86_64
uname -r = 12.5.0
uname -s = Darwin
uname -v = Darwin Kernel Version 12.5.0: Sun Sep 29 13:33:47 PDT 2013; root:xnu-2050.48.12~1/RELEASE_X86_64

/usr/bin/uname -p = i386
/bin/uname -X     = unknown

/bin/arch              = unknown
/usr/bin/arch -k       = unknown
/usr/convex/getsysinfo = unknown
/usr/bin/hostinfo      = Mach kernel version:
	 Darwin Kernel Version 12.5.0: Sun Sep 29 13:33:47 PDT 2013; root:xnu-2050.48.12~1/RELEASE_X86_64
Kernel configured for up to 8 processors.
4 processors are physically available.
8 processors are logically available.
Processor type: i486 (Intel 80486)
Processors active: 0 1 2 3 4 5 6 7
Primary memory available: 14.00 gigabytes
Default processor set: 242 tasks, 1626 threads, 8 processors
Load average: 1.60, Mach factor: 6.39
/bin/machine           = unknown
/usr/bin/oslevel       = unknown
/bin/universe          = unknown

PATH: /Users/ethanchi/google-cloud-sdk/bin
PATH: /Users/ethanchi/.pyenv/shims
PATH: /Users/ethanchi/.pyenv/shims
PATH: /Library/Frameworks/Python.framework/Versions/2.7/bin
PATH: /opt/local/bin
PATH: /opt/local/sbin
PATH: /opt/local/bin
PATH: /opt/local/sbin
PATH: /Library/Frameworks/Python.framework/Versions/2.7/bin
PATH: /Library/Frameworks/Python.framework/Versions/Current/bin
PATH: /Users/ethanchi/.pyenv/bin
PATH: /usr/local/bin
PATH: /usr/bin
PATH: /bin
PATH: /usr/sbin
PATH: /sbin
PATH: /usr/local/bin
PATH: /opt/X11/bin
PATH: /usr/local/git/bin
PATH: /usr/local/MacGPG2/bin
PATH: /Library/TeX/texbin
PATH: /usr/local/bin


## ----------- ##
## Core tests. ##
## ----------- ##

configure:1789: checking for a BSD-compatible install
configure:1857: result: /usr/bin/install -c
configure:1868: checking whether build environment is sane
configure:1923: result: yes
configure:2074: checking for a thread-safe mkdir -p
configure:2113: result: ./install-sh -c -d
configure:2120: checking for gawk
configure:2136: found /opt/local/bin/gawk
configure:2147: result: gawk
configure:2158: checking whether make sets $(MAKE)
configure:2180: result: yes
configure:2209: checking whether make supports nested variables
configure:2226: result: yes
configure:2343: checking whether ln -s works
configure:2347: result: yes
configure:2358: checking for gawk
configure:2385: result: gawk
configure:2459: checking for pkg-config
configure:2477: found /opt/local/bin/pkg-config
configure:2489: result: /opt/local/bin/pkg-config
configure:2514: checking pkg-config is at least version 0.9.0
configure:2517: result: yes
configure:2636: checking for APERTIUM
configure:2643: $PKG_CONFIG --exists --print-errors "apertium >= 3.3.0"
configure:2646: $? = 0
configure:2660: $PKG_CONFIG --exists --print-errors "apertium >= 3.3.0"
configure:2663: $? = 0
configure:2721: result: yes
configure:2728: checking for hfst-lexc
configure:2746: found /usr/local/bin/hfst-lexc
configure:2759: result: /usr/local/bin/hfst-lexc
configure:2773: checking for hfst-twolc
configure:2791: found /usr/local/bin/hfst-twolc
configure:2804: result: /usr/local/bin/hfst-twolc
configure:2818: checking for cg-comp
configure:2836: found /usr/local/bin/cg-comp
configure:2849: result: /usr/local/bin/cg-comp
configure:3074: checking that generated files are newer than configure
configure:3080: result: done
configure:3092: creating ./config.status

## ---------------------- ##
## Running config.status. ##
## ---------------------- ##

This file was extended by apertium-hau config.status 0.1.0, which was
generated by GNU Autoconf 2.69.  Invocation command line was

  CONFIG_FILES    = 
  CONFIG_HEADERS  = 
  CONFIG_LINKS    = 
  CONFIG_COMMANDS = 
  $ ./config.status 

on ethanchi

config.status:784: creating Makefile
config.status:784: creating apertium-hau.pc

## ---------------- ##
## Cache variables. ##
## ---------------- ##

ac_cv_env_APERTIUM_CFLAGS_set=
ac_cv_env_APERTIUM_CFLAGS_value=
ac_cv_env_APERTIUM_LIBS_set=
ac_cv_env_APERTIUM_LIBS_value=
ac_cv_env_HFSTOSPELL_CFLAGS_set=
ac_cv_env_HFSTOSPELL_CFLAGS_value=
ac_cv_env_HFSTOSPELL_LIBS_set=
ac_cv_env_HFSTOSPELL_LIBS_value=
ac_cv_env_PKG_CONFIG_LIBDIR_set=
ac_cv_env_PKG_CONFIG_LIBDIR_value=
ac_cv_env_PKG_CONFIG_PATH_set=set
ac_cv_env_PKG_CONFIG_PATH_value=:/usr/local/share/pkgconfig:/usr/local/lib/pkgconfig
ac_cv_env_PKG_CONFIG_set=
ac_cv_env_PKG_CONFIG_value=
ac_cv_env_build_alias_set=
ac_cv_env_build_alias_value=
ac_cv_env_host_alias_set=
ac_cv_env_host_alias_value=
ac_cv_env_target_alias_set=
ac_cv_env_target_alias_value=
ac_cv_path_CGCOMP=/usr/local/bin/cg-comp
ac_cv_path_HFSTLEXC=/usr/local/bin/hfst-lexc
ac_cv_path_HFSTTWOLC=/usr/local/bin/hfst-twolc
ac_cv_path_ac_pt_PKG_CONFIG=/opt/local/bin/pkg-config
ac_cv_path_install='/usr/bin/install -c'
ac_cv_prog_AWK=gawk
ac_cv_prog_make_make_set=yes
am_cv_make_support_nested_variables=yes
pkg_cv_APERTIUM_CFLAGS='-I/usr/local/include/apertium-3.4 -I/usr/local/lib/apertium-3.4/include -I/usr/local/include/lttoolbox-3.3 -I/usr/local/lib/lttoolbox-3.3/include -I/usr/localcross/target/bin/../macports/pkgs/opt/local/include/libxml2 -I/usr/local/Cellar/pcre/8.36/include -I/opt/local/include/libxml2 '
pkg_cv_APERTIUM_LIBS='-L/usr/local/lib -L/usr/localcross/target/bin/../macports/pkgs/opt/local/lib -L/usr/local/Cellar/pcre/8.36/lib -L/opt/local/lib -lapertium3 -llttoolbox3 -lxml2 -lpcre '

## ----------------- ##
## Output variables. ##
## ----------------- ##

ACLOCAL='${SHELL} /Users/ethanchi/Documents/apy/apertium-hau/missing aclocal-1.14'
AMTAR='$${TAR-tar}'
AM_BACKSLASH='\'
AM_DEFAULT_V='$(AM_DEFAULT_VERBOSITY)'
AM_DEFAULT_VERBOSITY='1'
AM_V='$(V)'
APERTIUM_CFLAGS='-I/usr/local/include/apertium-3.4 -I/usr/local/lib/apertium-3.4/include -I/usr/local/include/lttoolbox-3.3 -I/usr/local/lib/lttoolbox-3.3/include -I/usr/localcross/target/bin/../macports/pkgs/opt/local/include/libxml2 -I/usr/local/Cellar/pcre/8.36/include -I/opt/local/include/libxml2 '
APERTIUM_LIBS='-L/usr/local/lib -L/usr/localcross/target/bin/../macports/pkgs/opt/local/lib -L/usr/local/Cellar/pcre/8.36/lib -L/opt/local/lib -lapertium3 -llttoolbox3 -lxml2 -lpcre '
AUTOCONF='${SHELL} /Users/ethanchi/Documents/apy/apertium-hau/missing autoconf'
AUTOHEADER='${SHELL} /Users/ethanchi/Documents/apy/apertium-hau/missing autoheader'
AUTOMAKE='${SHELL} /Users/ethanchi/Documents/apy/apertium-hau/missing automake-1.14'
AWK='gawk'
CGCOMP='/usr/local/bin/cg-comp'
CYGPATH_W='echo'
DEFS='-DPACKAGE_NAME=\"apertium-hau\" -DPACKAGE_TARNAME=\"apertium-hau\" -DPACKAGE_VERSION=\"0.1.0\" -DPACKAGE_STRING=\"apertium-hau\ 0.1.0\" -DPACKAGE_BUGREPORT=\"\" -DPACKAGE_URL=\"\"'
ECHO_C='\c'
ECHO_N=''
ECHO_T=''
HAVE_HFSTOSPELL_FALSE=''
HAVE_HFSTOSPELL_TRUE='#'
HFSTLEXC='/usr/local/bin/hfst-lexc'
HFSTOSPELL_CFLAGS=''
HFSTOSPELL_LIBS=''
HFSTTWOLC='/usr/local/bin/hfst-twolc'
INSTALL_DATA='${INSTALL} -m 644'
INSTALL_PROGRAM='${INSTALL}'
INSTALL_SCRIPT='${INSTALL}'
INSTALL_STRIP_PROGRAM='$(install_sh) -c -s'
LIBOBJS=''
LIBS=''
LN_S='ln -s'
LTLIBOBJS=''
MAKEINFO='${SHELL} /Users/ethanchi/Documents/apy/apertium-hau/missing makeinfo'
MKDIR_P='./install-sh -c -d'
PACKAGE='apertium-hau'
PACKAGE_BUGREPORT=''
PACKAGE_NAME='apertium-hau'
PACKAGE_STRING='apertium-hau 0.1.0'
PACKAGE_TARNAME='apertium-hau'
PACKAGE_URL=''
PACKAGE_VERSION='0.1.0'
PATH_SEPARATOR=':'
PKG_CONFIG='/opt/local/bin/pkg-config'
PKG_CONFIG_LIBDIR=''
PKG_CONFIG_PATH=':/usr/local/share/pkgconfig:/usr/local/lib/pkgconfig'
SET_MAKE=''
SHELL='/bin/sh'
STRIP=''
VERSION='0.1.0'
am__isrc=''
am__leading_dot='.'
am__tar='$${TAR-tar} chof - "$$tardir"'
am__untar='$${TAR-tar} xf -'
bindir='${exec_prefix}/bin'
build_alias=''
datadir='${datarootdir}'
datarootdir='${prefix}/share'
docdir='${datarootdir}/doc/${PACKAGE_TARNAME}'
dvidir='${docdir}'
exec_prefix='${prefix}'
host_alias=''
htmldir='${docdir}'
includedir='${prefix}/include'
infodir='${datarootdir}/info'
install_sh='${SHELL} /Users/ethanchi/Documents/apy/apertium-hau/install-sh'
libdir='${exec_prefix}/lib'
libexecdir='${exec_prefix}/libexec'
localedir='${datarootdir}/locale'
localstatedir='${prefix}/var'
mandir='${datarootdir}/man'
mkdir_p='$(MKDIR_P)'
oldincludedir='/usr/include'
pdfdir='${docdir}'
prefix='/usr/local'
program_transform_name='s,x,x,'
psdir='${docdir}'
sbindir='${exec_prefix}/sbin'
sharedstatedir='${prefix}/com'
sysconfdir='${prefix}/etc'
target_alias=''

## ------------------- ##
## File substitutions. ##
## ------------------- ##

ap_include='./ap_include.am'

## ----------- ##
## confdefs.h. ##
## ----------- ##

/* confdefs.h */
#define PACKAGE_NAME "apertium-hau"
#define PACKAGE_TARNAME "apertium-hau"
#define PACKAGE_VERSION "0.1.0"
#define PACKAGE_STRING "apertium-hau 0.1.0"
#define PACKAGE_BUGREPORT ""
#define PACKAGE_URL ""

configure: exit 0
